{"C:\\data\\romcal\\src\\index.ts": {"path":"C:\\data\\romcal\\src\\index.ts","statementMap":{"0":{"start":{"line":25,"column":0},"end":{"line":25,"column":23}},"1":{"start":{"line":27,"column":0},"end":{"line":27,"column":null}},"2":{"start":{"line":60,"column":2},"end":{"line":28,"column":null}},"3":{"start":{"line":61,"column":2},"end":{"line":29,"column":null}},"4":{"start":{"line":62,"column":2},"end":{"line":30,"column":null}},"5":{"start":{"line":63,"column":2},"end":{"line":31,"column":null}},"6":{"start":{"line":64,"column":2},"end":{"line":32,"column":null}},"7":{"start":{"line":35,"column":0},"end":{"line":35,"column":null}},"8":{"start":{"line":69,"column":2},"end":{"line":36,"column":null}},"9":{"start":{"line":70,"column":2},"end":{"line":37,"column":null}},"10":{"start":{"line":71,"column":2},"end":{"line":38,"column":null}},"11":{"start":{"line":72,"column":2},"end":{"line":39,"column":null}},"12":{"start":{"line":73,"column":2},"end":{"line":40,"column":null}},"13":{"start":{"line":74,"column":2},"end":{"line":41,"column":null}},"14":{"start":{"line":44,"column":0},"end":{"line":44,"column":37}},"15":{"start":{"line":54,"column":2},"end":{"line":54,"column":9}},"16":{"start":{"line":45,"column":22},"end":{"line":45,"column":74}},"17":{"start":{"line":45,"column":58},"end":{"line":45,"column":73}},"18":{"start":{"line":55,"column":2},"end":{"line":55,"column":15}},"19":{"start":{"line":47,"column":0},"end":{"line":47,"column":41}},"20":{"start":{"line":48,"column":18},"end":{"line":48,"column":35}},"21":{"start":{"line":53,"column":2},"end":{"line":53,"column":11}},"22":{"start":{"line":77,"column":8},"end":{"line":77,"column":19}},"23":{"start":{"line":77,"column":21},"end":{"line":77,"column":29}},"24":{"start":{"line":80,"column":2},"end":{"line":80,"column":13}},"25":{"start":{"line":81,"column":2},"end":{"line":81,"column":10}},"26":{"start":{"line":85,"column":0},"end":{"line":85,"column":24}}},"fnMap":{"0":{"name":"(anonymous_2)","decl":{"start":{"line":45,"column":48},"end":{"line":45,"column":49}},"loc":{"start":{"line":45,"column":53},"end":{"line":45,"column":59}}}},"branchMap":{},"s":{"0":0,"1":0,"2":0,"3":0,"4":0,"5":0,"6":0,"7":0,"8":0,"9":0,"10":0,"11":0,"12":0,"13":0,"14":0,"15":0,"16":0,"17":0,"18":0,"19":0,"20":0,"21":0,"22":0,"23":0,"24":0,"25":0,"26":0},"f":{"0":0},"b":{}}
,"C:\\data\\romcal\\src\\calendars\\index.ts": {"path":"C:\\data\\romcal\\src\\calendars\\index.ts","statementMap":{"0":{"start":{"line":1,"column":0},"end":{"line":1,"column":41}},"1":{"start":{"line":52,"column":2},"end":{"line":52,"column":11}},"2":{"start":{"line":2,"column":0},"end":{"line":2,"column":41}},"3":{"start":{"line":53,"column":2},"end":{"line":53,"column":11}},"4":{"start":{"line":3,"column":0},"end":{"line":3,"column":37}},"5":{"start":{"line":54,"column":2},"end":{"line":54,"column":9}},"6":{"start":{"line":4,"column":0},"end":{"line":4,"column":37}},"7":{"start":{"line":55,"column":2},"end":{"line":55,"column":9}},"8":{"start":{"line":5,"column":0},"end":{"line":5,"column":37}},"9":{"start":{"line":56,"column":2},"end":{"line":56,"column":9}},"10":{"start":{"line":6,"column":0},"end":{"line":6,"column":57}},"11":{"start":{"line":57,"column":2},"end":{"line":57,"column":19}},"12":{"start":{"line":7,"column":0},"end":{"line":7,"column":35}},"13":{"start":{"line":58,"column":2},"end":{"line":58,"column":8}},"14":{"start":{"line":8,"column":0},"end":{"line":8,"column":35}},"15":{"start":{"line":59,"column":2},"end":{"line":59,"column":8}},"16":{"start":{"line":9,"column":0},"end":{"line":9,"column":33}},"17":{"start":{"line":60,"column":2},"end":{"line":60,"column":7}},"18":{"start":{"line":10,"column":0},"end":{"line":10,"column":33}},"19":{"start":{"line":61,"column":2},"end":{"line":61,"column":7}},"20":{"start":{"line":11,"column":0},"end":{"line":11,"column":37}},"21":{"start":{"line":62,"column":2},"end":{"line":62,"column":9}},"22":{"start":{"line":12,"column":0},"end":{"line":12,"column":49}},"23":{"start":{"line":63,"column":2},"end":{"line":63,"column":15}},"24":{"start":{"line":13,"column":0},"end":{"line":13,"column":37}},"25":{"start":{"line":64,"column":2},"end":{"line":64,"column":9}},"26":{"start":{"line":14,"column":0},"end":{"line":14,"column":37}},"27":{"start":{"line":65,"column":2},"end":{"line":65,"column":9}},"28":{"start":{"line":15,"column":0},"end":{"line":15,"column":37}},"29":{"start":{"line":66,"column":2},"end":{"line":66,"column":9}},"30":{"start":{"line":16,"column":0},"end":{"line":16,"column":35}},"31":{"start":{"line":67,"column":2},"end":{"line":67,"column":8}},"32":{"start":{"line":17,"column":0},"end":{"line":17,"column":37}},"33":{"start":{"line":68,"column":2},"end":{"line":68,"column":9}},"34":{"start":{"line":18,"column":0},"end":{"line":18,"column":37}},"35":{"start":{"line":69,"column":2},"end":{"line":69,"column":9}},"36":{"start":{"line":19,"column":0},"end":{"line":19,"column":35}},"37":{"start":{"line":70,"column":2},"end":{"line":70,"column":8}},"38":{"start":{"line":20,"column":0},"end":{"line":20,"column":37}},"39":{"start":{"line":71,"column":2},"end":{"line":71,"column":9}},"40":{"start":{"line":21,"column":0},"end":{"line":21,"column":33}},"41":{"start":{"line":72,"column":2},"end":{"line":72,"column":7}},"42":{"start":{"line":22,"column":0},"end":{"line":22,"column":37}},"43":{"start":{"line":73,"column":2},"end":{"line":73,"column":9}},"44":{"start":{"line":23,"column":0},"end":{"line":23,"column":33}},"45":{"start":{"line":74,"column":2},"end":{"line":74,"column":7}},"46":{"start":{"line":24,"column":0},"end":{"line":24,"column":33}},"47":{"start":{"line":75,"column":2},"end":{"line":75,"column":7}},"48":{"start":{"line":25,"column":0},"end":{"line":25,"column":37}},"49":{"start":{"line":76,"column":2},"end":{"line":76,"column":9}},"50":{"start":{"line":26,"column":0},"end":{"line":26,"column":41}},"51":{"start":{"line":77,"column":2},"end":{"line":77,"column":11}},"52":{"start":{"line":27,"column":0},"end":{"line":27,"column":33}},"53":{"start":{"line":78,"column":2},"end":{"line":78,"column":7}},"54":{"start":{"line":28,"column":0},"end":{"line":28,"column":35}},"55":{"start":{"line":79,"column":2},"end":{"line":79,"column":8}},"56":{"start":{"line":29,"column":0},"end":{"line":29,"column":45}},"57":{"start":{"line":80,"column":2},"end":{"line":80,"column":13}},"58":{"start":{"line":30,"column":0},"end":{"line":30,"column":43}},"59":{"start":{"line":81,"column":2},"end":{"line":81,"column":12}},"60":{"start":{"line":31,"column":0},"end":{"line":31,"column":35}},"61":{"start":{"line":82,"column":2},"end":{"line":82,"column":8}},"62":{"start":{"line":32,"column":0},"end":{"line":32,"column":31}},"63":{"start":{"line":83,"column":2},"end":{"line":83,"column":6}},"64":{"start":{"line":33,"column":0},"end":{"line":33,"column":45}},"65":{"start":{"line":84,"column":2},"end":{"line":84,"column":13}},"66":{"start":{"line":34,"column":0},"end":{"line":34,"column":35}},"67":{"start":{"line":85,"column":2},"end":{"line":85,"column":8}},"68":{"start":{"line":35,"column":0},"end":{"line":35,"column":39}},"69":{"start":{"line":86,"column":2},"end":{"line":86,"column":10}},"70":{"start":{"line":36,"column":0},"end":{"line":36,"column":43}},"71":{"start":{"line":87,"column":2},"end":{"line":87,"column":12}},"72":{"start":{"line":37,"column":0},"end":{"line":37,"column":37}},"73":{"start":{"line":88,"column":2},"end":{"line":88,"column":9}},"74":{"start":{"line":38,"column":0},"end":{"line":38,"column":35}},"75":{"start":{"line":89,"column":2},"end":{"line":89,"column":8}},"76":{"start":{"line":39,"column":0},"end":{"line":39,"column":39}},"77":{"start":{"line":90,"column":2},"end":{"line":90,"column":10}},"78":{"start":{"line":40,"column":0},"end":{"line":40,"column":39}},"79":{"start":{"line":91,"column":2},"end":{"line":91,"column":10}},"80":{"start":{"line":41,"column":0},"end":{"line":41,"column":39}},"81":{"start":{"line":92,"column":2},"end":{"line":92,"column":10}},"82":{"start":{"line":42,"column":0},"end":{"line":42,"column":33}},"83":{"start":{"line":93,"column":2},"end":{"line":93,"column":7}},"84":{"start":{"line":43,"column":0},"end":{"line":43,"column":39}},"85":{"start":{"line":94,"column":2},"end":{"line":94,"column":10}},"86":{"start":{"line":44,"column":0},"end":{"line":44,"column":35}},"87":{"start":{"line":95,"column":2},"end":{"line":95,"column":8}},"88":{"start":{"line":45,"column":0},"end":{"line":45,"column":45}},"89":{"start":{"line":96,"column":2},"end":{"line":96,"column":13}},"90":{"start":{"line":46,"column":0},"end":{"line":46,"column":37}},"91":{"start":{"line":97,"column":2},"end":{"line":97,"column":9}},"92":{"start":{"line":47,"column":0},"end":{"line":47,"column":47}},"93":{"start":{"line":98,"column":2},"end":{"line":98,"column":14}},"94":{"start":{"line":48,"column":0},"end":{"line":48,"column":37}},"95":{"start":{"line":99,"column":2},"end":{"line":99,"column":9}},"96":{"start":{"line":49,"column":0},"end":{"line":49,"column":33}},"97":{"start":{"line":100,"column":2},"end":{"line":100,"column":7}}},"fnMap":{},"branchMap":{},"s":{"0":0,"1":0,"2":0,"3":0,"4":0,"5":0,"6":0,"7":0,"8":0,"9":0,"10":0,"11":0,"12":0,"13":0,"14":0,"15":0,"16":0,"17":0,"18":0,"19":0,"20":0,"21":0,"22":0,"23":0,"24":0,"25":0,"26":0,"27":0,"28":0,"29":0,"30":0,"31":0,"32":0,"33":0,"34":0,"35":0,"36":0,"37":0,"38":0,"39":0,"40":0,"41":0,"42":0,"43":0,"44":0,"45":0,"46":0,"47":0,"48":0,"49":0,"50":0,"51":0,"52":0,"53":0,"54":0,"55":0,"56":0,"57":0,"58":0,"59":0,"60":0,"61":0,"62":0,"63":0,"64":0,"65":0,"66":0,"67":0,"68":0,"69":0,"70":0,"71":0,"72":0,"73":0,"74":0,"75":0,"76":0,"77":0,"78":0,"79":0,"80":0,"81":0,"82":0,"83":0,"84":0,"85":0,"86":0,"87":0,"88":0,"89":0,"90":0,"91":0,"92":0,"93":0,"94":0,"95":0,"96":0,"97":0},"f":{},"b":{}}
,"C:\\data\\romcal\\src\\constants\\Cycles.ts": {"path":"C:\\data\\romcal\\src\\constants\\Cycles.ts","statementMap":{"0":{"start":{"line":1,"column":15},"end":{"line":5,"column":2}},"1":{"start":{"line":6,"column":0},"end":{"line":6,"column":22}}},"fnMap":{},"branchMap":{},"s":{"0":0,"1":0},"f":{},"b":{}}
,"C:\\data\\romcal\\src\\constants\\LiturgicalColors.ts": {"path":"C:\\data\\romcal\\src\\constants\\LiturgicalColors.ts","statementMap":{"0":{"start":{"line":1,"column":25},"end":{"line":8,"column":2}},"1":{"start":{"line":9,"column":0},"end":{"line":9,"column":32}}},"fnMap":{},"branchMap":{},"s":{"0":0,"1":0},"f":{},"b":{}}
,"C:\\data\\romcal\\src\\constants\\LiturgicalSeasons.ts": {"path":"C:\\data\\romcal\\src\\constants\\LiturgicalSeasons.ts","statementMap":{"0":{"start":{"line":1,"column":0},"end":{"line":1,"column":null}},"1":{"start":{"line":2,"column":2},"end":{"line":2,"column":null}},"2":{"start":{"line":3,"column":2},"end":{"line":3,"column":null}},"3":{"start":{"line":4,"column":2},"end":{"line":4,"column":null}},"4":{"start":{"line":5,"column":2},"end":{"line":5,"column":null}},"5":{"start":{"line":6,"column":2},"end":{"line":6,"column":null}},"6":{"start":{"line":7,"column":2},"end":{"line":7,"column":null}},"7":{"start":{"line":8,"column":2},"end":{"line":8,"column":null}},"8":{"start":{"line":11,"column":0},"end":{"line":11,"column":33}}},"fnMap":{"0":{"name":"(anonymous_0)","decl":{"start":{"line":1,"column":0},"end":{"line":1,"column":12}},"loc":{"start":{"line":1,"column":29},"end":{"line":9,"column":1}}}},"branchMap":{"0":{"loc":{"start":{"line":1,"column":12},"end":{"line":1,"column":29}},"type":"binary-expr","locations":[{"start":{"line":1,"column":12},"end":{"line":1,"column":29}},{"start":{"line":1,"column":12},"end":{"line":1,"column":null}}]}},"s":{"0":0,"1":0,"2":0,"3":0,"4":0,"5":0,"6":0,"7":0,"8":0},"f":{"0":0},"b":{"0":[0,0]}}
,"C:\\data\\romcal\\src\\constants\\PsalterWeeks.ts": {"path":"C:\\data\\romcal\\src\\constants\\PsalterWeeks.ts","statementMap":{"0":{"start":{"line":1,"column":21},"end":{"line":7,"column":2}},"1":{"start":{"line":8,"column":0},"end":{"line":8,"column":28}}},"fnMap":{},"branchMap":{},"s":{"0":0,"1":0},"f":{},"b":{}}
,"C:\\data\\romcal\\src\\constants\\Titles.ts": {"path":"C:\\data\\romcal\\src\\constants\\Titles.ts","statementMap":{"0":{"start":{"line":1,"column":15},"end":{"line":8,"column":2}},"1":{"start":{"line":9,"column":0},"end":{"line":9,"column":22}}},"fnMap":{},"branchMap":{},"s":{"0":0,"1":0},"f":{},"b":{}}
,"C:\\data\\romcal\\src\\constants\\Types.ts": {"path":"C:\\data\\romcal\\src\\constants\\Types.ts","statementMap":{"0":{"start":{"line":4,"column":0},"end":{"line":4,"column":null}},"1":{"start":{"line":5,"column":2},"end":{"line":5,"column":null}},"2":{"start":{"line":6,"column":2},"end":{"line":6,"column":null}},"3":{"start":{"line":7,"column":2},"end":{"line":7,"column":null}},"4":{"start":{"line":8,"column":2},"end":{"line":8,"column":null}},"5":{"start":{"line":9,"column":2},"end":{"line":9,"column":null}},"6":{"start":{"line":10,"column":2},"end":{"line":10,"column":null}},"7":{"start":{"line":11,"column":2},"end":{"line":11,"column":null}},"8":{"start":{"line":12,"column":2},"end":{"line":12,"column":null}},"9":{"start":{"line":13,"column":2},"end":{"line":13,"column":null}},"10":{"start":{"line":16,"column":0},"end":{"line":16,"column":21}}},"fnMap":{"0":{"name":"(anonymous_0)","decl":{"start":{"line":4,"column":0},"end":{"line":4,"column":12}},"loc":{"start":{"line":4,"column":17},"end":{"line":14,"column":1}}}},"branchMap":{"0":{"loc":{"start":{"line":4,"column":12},"end":{"line":4,"column":17}},"type":"binary-expr","locations":[{"start":{"line":4,"column":12},"end":{"line":4,"column":17}},{"start":{"line":4,"column":12},"end":{"line":4,"column":null}}]}},"s":{"0":0,"1":0,"2":0,"3":0,"4":0,"5":0,"6":0,"7":0,"8":0,"9":0,"10":0},"f":{"0":0},"b":{"0":[0,0]}}
,"C:\\data\\romcal\\src\\constants\\index.ts": {"path":"C:\\data\\romcal\\src\\constants\\index.ts","statementMap":{"0":{"start":{"line":1,"column":0},"end":{"line":1,"column":7}},"1":{"start":{"line":9,"column":2},"end":{"line":1,"column":30}},"2":{"start":{"line":2,"column":0},"end":{"line":2,"column":7}},"3":{"start":{"line":10,"column":2},"end":{"line":2,"column":50}},"4":{"start":{"line":3,"column":0},"end":{"line":3,"column":7}},"5":{"start":{"line":11,"column":2},"end":{"line":3,"column":42}},"6":{"start":{"line":4,"column":0},"end":{"line":4,"column":7}},"7":{"start":{"line":12,"column":2},"end":{"line":4,"column":52}},"8":{"start":{"line":5,"column":0},"end":{"line":5,"column":7}},"9":{"start":{"line":13,"column":2},"end":{"line":5,"column":30}},"10":{"start":{"line":6,"column":0},"end":{"line":6,"column":7}},"11":{"start":{"line":14,"column":2},"end":{"line":6,"column":28}}},"fnMap":{},"branchMap":{},"s":{"0":0,"1":0,"2":0,"3":0,"4":0,"5":0,"6":0,"7":0,"8":0,"9":0,"10":0,"11":0},"f":{},"b":{}}
,"C:\\data\\romcal\\src\\lib\\index.ts": {"path":"C:\\data\\romcal\\src\\lib\\index.ts","statementMap":{"0":{"start":{"line":1,"column":0},"end":{"line":1,"column":39}},"1":{"start":{"line":8,"column":2},"end":{"line":8,"column":10}},"2":{"start":{"line":2,"column":0},"end":{"line":2,"column":47}},"3":{"start":{"line":9,"column":2},"end":{"line":9,"column":14}},"4":{"start":{"line":3,"column":0},"end":{"line":3,"column":33}},"5":{"start":{"line":10,"column":2},"end":{"line":10,"column":7}},"6":{"start":{"line":4,"column":0},"end":{"line":4,"column":37}},"7":{"start":{"line":11,"column":2},"end":{"line":11,"column":9}},"8":{"start":{"line":5,"column":0},"end":{"line":5,"column":33}},"9":{"start":{"line":12,"column":2},"end":{"line":12,"column":7}}},"fnMap":{},"branchMap":{},"s":{"0":0,"1":0,"2":0,"3":0,"4":0,"5":0,"6":0,"7":0,"8":0,"9":0},"f":{},"b":{}}
,"C:\\data\\romcal\\src\\locales\\en-CA.ts": {"path":"C:\\data\\romcal\\src\\locales\\en-CA.ts","statementMap":{"0":{"start":{"line":1,"column":0},"end":{"line":5,"column":2}}},"fnMap":{},"branchMap":{},"s":{"0":0},"f":{},"b":{}}
,"C:\\data\\romcal\\src\\locales\\en.ts": {"path":"C:\\data\\romcal\\src\\locales\\en.ts","statementMap":{"0":{"start":{"line":1,"column":0},"end":{"line":754,"column":2}}},"fnMap":{},"branchMap":{},"s":{"0":0},"f":{},"b":{}}
,"C:\\data\\romcal\\src\\locales\\fr.ts": {"path":"C:\\data\\romcal\\src\\locales\\fr.ts","statementMap":{"0":{"start":{"line":1,"column":0},"end":{"line":300,"column":2}}},"fnMap":{},"branchMap":{},"s":{"0":0},"f":{},"b":{}}
,"C:\\data\\romcal\\src\\locales\\index.ts": {"path":"C:\\data\\romcal\\src\\locales\\index.ts","statementMap":{"0":{"start":{"line":1,"column":0},"end":{"line":1,"column":7}},"1":{"start":{"line":9,"column":2},"end":{"line":1,"column":27}},"2":{"start":{"line":2,"column":0},"end":{"line":2,"column":7}},"3":{"start":{"line":10,"column":2},"end":{"line":2,"column":22}},"4":{"start":{"line":3,"column":0},"end":{"line":3,"column":7}},"5":{"start":{"line":11,"column":2},"end":{"line":3,"column":22}},"6":{"start":{"line":4,"column":0},"end":{"line":4,"column":7}},"7":{"start":{"line":12,"column":2},"end":{"line":4,"column":22}},"8":{"start":{"line":5,"column":0},"end":{"line":5,"column":7}},"9":{"start":{"line":13,"column":2},"end":{"line":5,"column":22}},"10":{"start":{"line":6,"column":0},"end":{"line":6,"column":7}},"11":{"start":{"line":14,"column":2},"end":{"line":6,"column":22}}},"fnMap":{},"branchMap":{},"s":{"0":0,"1":0,"2":0,"3":0,"4":0,"5":0,"6":0,"7":0,"8":0,"9":0,"10":0,"11":0},"f":{},"b":{}}
,"C:\\data\\romcal\\src\\locales\\it.ts": {"path":"C:\\data\\romcal\\src\\locales\\it.ts","statementMap":{"0":{"start":{"line":1,"column":0},"end":{"line":256,"column":2}}},"fnMap":{},"branchMap":{},"s":{"0":0},"f":{},"b":{}}
,"C:\\data\\romcal\\src\\locales\\pl.ts": {"path":"C:\\data\\romcal\\src\\locales\\pl.ts","statementMap":{"0":{"start":{"line":1,"column":0},"end":{"line":337,"column":2}}},"fnMap":{},"branchMap":{},"s":{"0":0},"f":{},"b":{}}
,"C:\\data\\romcal\\src\\locales\\sk.ts": {"path":"C:\\data\\romcal\\src\\locales\\sk.ts","statementMap":{"0":{"start":{"line":1,"column":0},"end":{"line":724,"column":2}}},"fnMap":{},"branchMap":{},"s":{"0":0},"f":{},"b":{}}
,"C:\\data\\romcal\\src\\utils\\array.ts": {"path":"C:\\data\\romcal\\src\\utils\\array.ts","statementMap":{"0":{"start":{"line":13,"column":13},"end":{"line":15,"column":2}},"1":{"start":{"line":14,"column":2},"end":{"line":14,"column":76}},"2":{"start":{"line":28,"column":13},"end":{"line":30,"column":2}},"3":{"start":{"line":29,"column":2},"end":{"line":29,"column":70}},"4":{"start":{"line":29,"column":45},"end":{"line":29,"column":66}},"5":{"start":{"line":62,"column":13},"end":{"line":94,"column":2}},"6":{"start":{"line":73,"column":17},"end":{"line":73,"column":22}},"7":{"start":{"line":74,"column":19},"end":{"line":76,"column":3}},"8":{"start":{"line":75,"column":4},"end":{"line":75,"column":20}},"9":{"start":{"line":78,"column":25},"end":{"line":92,"column":3}},"10":{"start":{"line":82,"column":4},"end":{"line":84,"column":null}},"11":{"start":{"line":83,"column":6},"end":{"line":83,"column":38}},"12":{"start":{"line":85,"column":4},"end":{"line":91,"column":6}},"13":{"start":{"line":88,"column":6},"end":{"line":90,"column":null}},"14":{"start":{"line":93,"column":2},"end":{"line":93,"column":31}}},"fnMap":{"0":{"name":"(anonymous_0)","decl":{"start":{"line":13,"column":24},"end":{"line":13,"column":28}},"loc":{"start":{"line":13,"column":66},"end":{"line":15,"column":1}}},"1":{"name":"(anonymous_1)","decl":{"start":{"line":28,"column":25},"end":{"line":28,"column":29}},"loc":{"start":{"line":28,"column":50},"end":{"line":30,"column":1}}},"2":{"name":"(anonymous_2)","decl":{"start":{"line":29,"column":27},"end":{"line":29,"column":28}},"loc":{"start":{"line":29,"column":40},"end":{"line":29,"column":51}}},"3":{"name":"(anonymous_3)","decl":{"start":{"line":62,"column":28},"end":{"line":62,"column":null}},"loc":{"start":{"line":71,"column":47},"end":{"line":94,"column":1}}},"4":{"name":"(anonymous_4)","decl":{"start":{"line":74,"column":19},"end":{"line":74,"column":null}},"loc":{"start":{"line":74,"column":19},"end":{"line":76,"column":3}}},"5":{"name":"(anonymous_5)","decl":{"start":{"line":78,"column":25},"end":{"line":78,"column":null}},"loc":{"start":{"line":80,"column":29},"end":{"line":92,"column":3}}},"6":{"name":"(anonymous_6)","decl":{"start":{"line":87,"column":11},"end":{"line":87,"column":17}},"loc":{"start":{"line":87,"column":17},"end":{"line":88,"column":14}}}},"branchMap":{"0":{"loc":{"start":{"line":14,"column":26},"end":{"line":14,"column":46}},"type":"cond-expr","locations":[{"start":{"line":14,"column":26},"end":{"line":14,"column":46}},{"start":{"line":14,"column":49},"end":{"line":14,"column":75}}]},"1":{"loc":{"start":{"line":82,"column":4},"end":{"line":84,"column":null}},"type":"if","locations":[{"start":{"line":82,"column":4},"end":{"line":84,"column":null}},{"start":{"line":82,"column":4},"end":{"line":84,"column":null}}]},"2":{"loc":{"start":{"line":89,"column":10},"end":{"line":89,"column":34}},"type":"cond-expr","locations":[{"start":{"line":89,"column":10},"end":{"line":89,"column":34}},{"start":{"line":90,"column":10},"end":{"line":90,"column":59}}]}},"s":{"0":0,"1":0,"2":0,"3":0,"4":0,"5":0,"6":0,"7":0,"8":0,"9":0,"10":0,"11":0,"12":0,"13":0,"14":0},"f":{"0":0,"1":0,"2":0,"3":0,"4":0,"5":0,"6":0},"b":{"0":[0,0],"1":[0,0],"2":[0,0]}}
,"C:\\data\\romcal\\src\\utils\\object.ts": {"path":"C:\\data\\romcal\\src\\utils\\object.ts","statementMap":{"0":{"start":{"line":1,"column":0},"end":{"line":1,"column":35}},"1":{"start":{"line":2,"column":0},"end":{"line":2,"column":48}},"2":{"start":{"line":15,"column":13},"end":{"line":29,"column":2}},"3":{"start":{"line":21,"column":2},"end":{"line":28,"column":null}},"4":{"start":{"line":22,"column":16},"end":{"line":22,"column":28}},"5":{"start":{"line":23,"column":4},"end":{"line":25,"column":null}},"6":{"start":{"line":24,"column":6},"end":{"line":24,"column":48}},"7":{"start":{"line":27,"column":4},"end":{"line":27,"column":15}},"8":{"start":{"line":36,"column":13},"end":{"line":60,"column":2}},"9":{"start":{"line":38,"column":2},"end":{"line":38,"column":null}},"10":{"start":{"line":38,"column":26},"end":{"line":38,"column":null}},"11":{"start":{"line":40,"column":2},"end":{"line":42,"column":null}},"12":{"start":{"line":41,"column":4},"end":{"line":41,"column":15}},"13":{"start":{"line":44,"column":45},"end":{"line":44,"column":47}},"14":{"start":{"line":47,"column":2},"end":{"line":57,"column":null}},"15":{"start":{"line":48,"column":4},"end":{"line":56,"column":null}},"16":{"start":{"line":49,"column":6},"end":{"line":55,"column":19}},"17":{"start":{"line":51,"column":12},"end":{"line":51,"column":null}},"18":{"start":{"line":59,"column":2},"end":{"line":59,"column":16}},"19":{"start":{"line":78,"column":13},"end":{"line":95,"column":2}},"20":{"start":{"line":82,"column":2},"end":{"line":84,"column":null}},"21":{"start":{"line":83,"column":4},"end":{"line":83,"column":15}},"22":{"start":{"line":86,"column":22},"end":{"line":86,"column":24}},"23":{"start":{"line":88,"column":2},"end":{"line":92,"column":5}},"24":{"start":{"line":89,"column":4},"end":{"line":91,"column":null}},"25":{"start":{"line":90,"column":6},"end":{"line":90,"column":47}},"26":{"start":{"line":94,"column":2},"end":{"line":94,"column":16}}},"fnMap":{"0":{"name":"(anonymous_0)","decl":{"start":{"line":15,"column":41},"end":{"line":15,"column":null}},"loc":{"start":{"line":19,"column":21},"end":{"line":29,"column":1}}},"1":{"name":"(anonymous_1)","decl":{"start":{"line":36,"column":30},"end":{"line":36,"column":null}},"loc":{"start":{"line":38,"column":50},"end":{"line":60,"column":1}}},"2":{"name":"(anonymous_2)","decl":{"start":{"line":38,"column":2},"end":{"line":38,"column":13}},"loc":{"start":{"line":38,"column":21},"end":{"line":38,"column":31}}},"3":{"name":"(anonymous_3)","decl":{"start":{"line":50,"column":23},"end":{"line":50,"column":24}},"loc":{"start":{"line":50,"column":35},"end":{"line":51,"column":20}}},"4":{"name":"(anonymous_4)","decl":{"start":{"line":78,"column":20},"end":{"line":78,"column":null}},"loc":{"start":{"line":80,"column":40},"end":{"line":95,"column":1}}},"5":{"name":"(anonymous_5)","decl":{"start":{"line":88,"column":27},"end":{"line":88,"column":30}},"loc":{"start":{"line":88,"column":30},"end":{"line":92,"column":3}}}},"branchMap":{"0":{"loc":{"start":{"line":21,"column":2},"end":{"line":28,"column":null}},"type":"if","locations":[{"start":{"line":21,"column":2},"end":{"line":28,"column":null}},{"start":{"line":21,"column":2},"end":{"line":28,"column":null}}]},"1":{"loc":{"start":{"line":23,"column":4},"end":{"line":25,"column":null}},"type":"if","locations":[{"start":{"line":23,"column":4},"end":{"line":25,"column":null}},{"start":{"line":23,"column":4},"end":{"line":25,"column":null}}]},"2":{"loc":{"start":{"line":38,"column":2},"end":{"line":38,"column":null}},"type":"if","locations":[{"start":{"line":38,"column":2},"end":{"line":38,"column":null}},{"start":{"line":38,"column":2},"end":{"line":38,"column":null}}]},"3":{"loc":{"start":{"line":38,"column":26},"end":{"line":38,"column":36}},"type":"binary-expr","locations":[{"start":{"line":38,"column":26},"end":{"line":38,"column":36}},{"start":{"line":38,"column":40},"end":{"line":38,"column":50}}]},"4":{"loc":{"start":{"line":40,"column":2},"end":{"line":42,"column":null}},"type":"if","locations":[{"start":{"line":40,"column":2},"end":{"line":42,"column":null}},{"start":{"line":40,"column":2},"end":{"line":42,"column":null}}]},"5":{"loc":{"start":{"line":48,"column":4},"end":{"line":56,"column":null}},"type":"if","locations":[{"start":{"line":48,"column":4},"end":{"line":56,"column":null}},{"start":{"line":48,"column":4},"end":{"line":56,"column":null}}]},"6":{"loc":{"start":{"line":50,"column":10},"end":{"line":51,"column":null}},"type":"cond-expr","locations":[{"start":{"line":50,"column":10},"end":{"line":51,"column":null}},{"start":{"line":53,"column":10},"end":{"line":55,"column":18}}]},"7":{"loc":{"start":{"line":51,"column":31},"end":{"line":51,"column":62}},"type":"cond-expr","locations":[{"start":{"line":51,"column":31},"end":{"line":51,"column":62}},{"start":{"line":51,"column":65},"end":{"line":51,"column":71}}]},"8":{"loc":{"start":{"line":54,"column":11},"end":{"line":54,"column":52}},"type":"cond-expr","locations":[{"start":{"line":54,"column":11},"end":{"line":54,"column":52}},{"start":{"line":55,"column":10},"end":{"line":55,"column":18}}]},"9":{"loc":{"start":{"line":82,"column":2},"end":{"line":84,"column":null}},"type":"if","locations":[{"start":{"line":82,"column":2},"end":{"line":84,"column":null}},{"start":{"line":82,"column":2},"end":{"line":84,"column":null}}]},"10":{"loc":{"start":{"line":89,"column":4},"end":{"line":91,"column":null}},"type":"if","locations":[{"start":{"line":89,"column":4},"end":{"line":91,"column":null}},{"start":{"line":89,"column":4},"end":{"line":91,"column":null}}]}},"s":{"0":0,"1":0,"2":0,"3":0,"4":0,"5":0,"6":0,"7":0,"8":0,"9":0,"10":0,"11":0,"12":0,"13":0,"14":0,"15":0,"16":0,"17":0,"18":0,"19":0,"20":0,"21":0,"22":0,"23":0,"24":0,"25":0,"26":0},"f":{"0":0,"1":0,"2":0,"3":0,"4":0,"5":0},"b":{"0":[0,0],"1":[0,0],"2":[0,0],"3":[0,0],"4":[0,0],"5":[0,0],"6":[0,0],"7":[0,0],"8":[0,0],"9":[0,0],"10":[0,0]}}
}
